<?xml version="1.0" encoding="UTF-8"?>
<!-- Generated by org.testng.reporters.JUnitXMLReporter -->
<testsuite ignored="0" hostname="LAPTOP-9853DHEH" failures="0" tests="3" name="Error Validations Test" time="38.046" errors="0" timestamp="2024-06-29T13:14:29 GMT-04:00">
  <testcase classname="Ammu.tests.ErrorValidationTest" name="loginErroValidation" time="0.637">
    <skipped/>
  </testcase> <!-- loginErroValidation -->
  <testcase classname="Ammu.tests.ErrorValidationTest" name="loginErroValidation" time="1.126"/>
  <testcase classname="Ammu.tests.ErrorValidationTest" name="productErrorValidation" time="18.895"/>
</testsuite> <!-- Error Validations Test -->
