<?xml version="1.0" encoding="UTF-8"?>
<!-- Generated by org.testng.reporters.JUnitXMLReporter -->
<testsuite ignored="0" hostname="LAPTOP-9853DHEH" failures="0" tests="3" name="Submit Order Test" time="52.174" errors="0" timestamp="2024-06-29T13:14:42 GMT-04:00">
  <testcase classname="Ammu.tests.StandAloneTestFinal" name="submitOrder" time="16.623"/>
  <testcase classname="Ammu.tests.StandAloneTestFinal" name="submitOrder" time="16.664"/>
  <testcase classname="Ammu.tests.StandAloneTestFinal" name="verifyOrderHistory" time="1.405"/>
</testsuite> <!-- Submit Order Test -->
