<?xml version="1.0" encoding="UTF-8"?>
<!-- Generated by org.testng.reporters.JUnitXMLReporter -->
<testsuite ignored="0" hostname="LAPTOP-9853DHEH" failures="0" tests="2" name="Error Validations Test" time="36.599" errors="0" timestamp="2024-06-27T16:22:21 GMT-04:00">
  <testcase classname="Ammu.tests.ErrorValidationTest" name="loginErroValidation" time="1.012"/>
  <testcase classname="Ammu.tests.ErrorValidationTest" name="productErrorValidation" time="18.619"/>
</testsuite> <!-- Error Validations Test -->
