<?xml version="1.0" encoding="UTF-8"?>
<!-- Generated by org.testng.reporters.JUnitXMLReporter -->
<testsuite ignored="0" hostname="LAPTOP-9853DHEH" failures="0" tests="3" name="Submit Order Test" time="58.966" errors="0" timestamp="2024-06-27T16:22:43 GMT-04:00">
  <testcase classname="Ammu.tests.StandAloneTestFinal" name="submitOrder" time="17.539"/>
  <testcase classname="Ammu.tests.StandAloneTestFinal" name="submitOrder" time="17.605"/>
  <testcase classname="Ammu.tests.StandAloneTestFinal" name="verifyOrderHistory" time="1.705"/>
</testsuite> <!-- Submit Order Test -->
